started at: 2014-09-24 12:42:42 
using cubfits 
reading sequences from file ../data/ecoli_K12_MG1655_genome_filtered.fasta 
reading gene expression measurements (Xobs) from file
 ../data/ecoli_X_obs.csv 
and compare to ORF list from FASTA file
 ../data/ecoli_K12_MG1655_genome_filtered.fasta 
generating list of codon position in ORFs for each AA...
generating list of number of AA occurences per ORF...
generating list of codon counts per ORF...
generate initial phi using SCUO with sd(ln(phi)) values
	- 0.5 
running cubfits using cubsinglechain 
	 with seeds: 4486
- b: rbind(curr.scale, curr.accept)
            [,1] [,2] [,3] [,4] [,5] [,6] [,7] [,8] [,9] [,10] [,11] [,12]
curr.scale  1.00 1.00 1.00 1.00 1.00 1.00 1.00 1.00 1.00  1.00  1.00  1.00
curr.accept 0.24 0.32 0.37 0.31 0.36 0.36 0.35 0.32 0.28  0.31  0.47  0.26
            [,13] [,14] [,15] [,16] [,17] [,18] [,19]
curr.scale    1.0  1.00  1.00  1.00  1.00  1.00   1.0
curr.accept   0.6  0.39  0.25  0.25  0.15  0.43   0.4
- b: rbind(curr.scale, curr.accept)
            [,1] [,2] [,3] [,4] [,5] [,6] [,7] [,8] [,9] [,10] [,11] [,12]
curr.scale  1.00 1.20 1.20 1.20 1.20  1.2 1.20 1.20 1.00  1.20  1.20  1.00
curr.accept 0.14 0.35 0.28 0.31 0.38  0.2 0.36 0.32 0.25  0.12  0.45  0.19
            [,13] [,14] [,15] [,16] [,17] [,18] [,19]
curr.scale   1.20  1.20  1.00  1.00  0.80  1.20  1.20
curr.accept  0.48  0.22  0.14  0.13  0.12  0.31  0.46
- b: rbind(curr.scale, curr.accept)
            [,1] [,2] [,3] [,4] [,5] [,6] [,7] [,8] [,9] [,10] [,11] [,12]
curr.scale  0.80 1.44 1.20 1.44 1.44 0.96 1.44 1.44 1.00  0.96  1.44  0.80
curr.accept 0.18 0.36 0.31 0.24 0.38 0.22 0.30 0.18 0.27  0.23  0.43  0.34
            [,13] [,14] [,15] [,16] [,17] [,18] [,19]
curr.scale   1.44  1.20  0.80  0.80  0.64  1.44  1.44
curr.accept  0.49  0.21  0.22  0.26  0.23  0.42  0.47
- var.name: b
    scale bound reached #: lower = 0, upper = 0
    ill acceptance #: none = 0, all = 0
    acceptance NOT in range #: lower = 2, upper = 8, total = 10
- var.name: p
    scale bound reached #: lower = 0, upper = 0
    ill acceptance #: none = 0, all = 0
    acceptance NOT in range #: lower = 0, upper = 1, total = 1
- var.name: phi
    scale bound reached #: lower = 0, upper = 0
    ill acceptance #: none = 0, all = 0
    acceptance NOT in range #: lower = 121, upper = 1790, total = 1911
- b: rbind(curr.scale, curr.accept)
            [,1]  [,2] [,3] [,4]  [,5] [,6]  [,7]  [,8] [,9] [,10] [,11] [,12]
curr.scale  0.64 1.728 1.44 1.44 1.728 0.96 1.728 1.152 1.00  0.96 1.728  0.96
curr.accept 0.33 0.290 0.32 0.30 0.240 0.30 0.340 0.360 0.46  0.18 0.330  0.22
            [,13] [,14] [,15] [,16] [,17] [,18] [,19]
curr.scale  1.728   1.2   0.8   0.8  0.64 1.728 1.728
curr.accept 0.340   0.1   0.3   0.3  0.14 0.350 0.410
- var.name: b
    scale bound reached #: lower = 0, upper = 0
    ill acceptance #: none = 0, all = 0
    acceptance NOT in range #: lower = 3, upper = 9, total = 12
- var.name: p
    scale bound reached #: lower = 0, upper = 0
    ill acceptance #: none = 0, all = 0
    acceptance NOT in range #: lower = 0, upper = 1, total = 1
- var.name: phi
    scale bound reached #: lower = 0, upper = 0
    ill acceptance #: none = 0, all = 0
    acceptance NOT in range #: lower = 133, upper = 1736, total = 1869
- b: rbind(curr.scale, curr.accept)
             [,1]  [,2]  [,3]  [,4]  [,5]  [,6]   [,7]   [,8] [,9] [,10]  [,11]
curr.scale  0.768 1.728 1.728 1.728 1.728 1.152 2.0736 1.3824 1.20 0.768 2.0736
curr.accept 0.220 0.340 0.280 0.380 0.420 0.190 0.2700 0.3300 0.54 0.320 0.3100
            [,12]  [,13] [,14] [,15] [,16] [,17]  [,18]  [,19]
curr.scale   0.96 2.0736  0.96  0.96  0.96 0.512 2.0736 2.0736
curr.accept  0.30 0.3300  0.32  0.22  0.29 0.370 0.2700 0.3600
- var.name: b
    scale bound reached #: lower = 0, upper = 0
    ill acceptance #: none = 0, all = 0
    acceptance NOT in range #: lower = 1, upper = 11, total = 12
- var.name: p
    scale bound reached #: lower = 0, upper = 0
    ill acceptance #: none = 0, all = 0
    acceptance NOT in range #: lower = 1, upper = 1, total = 2
- var.name: phi
    scale bound reached #: lower = 0, upper = 0
    ill acceptance #: none = 0, all = 0
    acceptance NOT in range #: lower = 107, upper = 1695, total = 1802
- b: rbind(curr.scale, curr.accept)
             [,1]   [,2]  [,3]   [,4]   [,5]   [,6]   [,7]    [,8] [,9]  [,10]
curr.scale  0.768 2.0736 1.728 2.0736 2.0736 0.9216 2.0736 1.65888 1.44 0.9216
curr.accept 0.250 0.2900 0.390 0.3400 0.3700 0.2700 0.2800 0.22000 0.44 0.2700
              [,11] [,12]   [,13] [,14] [,15] [,16]  [,17]  [,18]   [,19]
curr.scale  2.48832 1.152 2.48832 1.152  0.96  0.96 0.6144 2.0736 2.48832
curr.accept 0.32000 0.310 0.31000 0.230  0.33  0.26 0.3200 0.3700 0.25000
- var.name: b
    scale bound reached #: lower = 0, upper = 0
    ill acceptance #: none = 0, all = 0
    acceptance NOT in range #: lower = 0, upper = 10, total = 10
- var.name: p
    scale bound reached #: lower = 0, upper = 0
    ill acceptance #: none = 0, all = 0
    acceptance NOT in range #: lower = 0, upper = 1, total = 1
- var.name: phi
    scale bound reached #: lower = 0, upper = 0
    ill acceptance #: none = 0, all = 0
    acceptance NOT in range #: lower = 96, upper = 1658, total = 1754
- b: rbind(curr.scale, curr.accept)
             [,1]   [,2]   [,3]    [,4]    [,5]   [,6]   [,7]    [,8]  [,9]
curr.scale  0.768 2.0736 2.0736 2.48832 2.48832 0.9216 2.0736 1.65888 1.728
curr.accept 0.340 0.2900 0.2900 0.21000 0.28000 0.3600 0.3300 0.23000 0.330
             [,10]    [,11]  [,12]    [,13] [,14] [,15] [,16]   [,17]   [,18]
curr.scale  0.9216 2.985984 1.3824 2.985984 1.152 1.152  0.96 0.73728 2.48832
curr.accept 0.3200 0.240000 0.1700 0.320000 0.220 0.230  0.37 0.32000 0.31000
              [,19]
curr.scale  2.48832
curr.accept 0.29000
- var.name: b
    scale bound reached #: lower = 0, upper = 0
    ill acceptance #: none = 0, all = 0
    acceptance NOT in range #: lower = 1, upper = 9, total = 10
- var.name: p
    scale bound reached #: lower = 0, upper = 0
    ill acceptance #: none = 0, all = 0
    acceptance NOT in range #: lower = 0, upper = 1, total = 1
- var.name: phi
    scale bound reached #: lower = 0, upper = 0
    ill acceptance #: none = 0, all = 0
    acceptance NOT in range #: lower = 87, upper = 1498, total = 1585
- b: rbind(curr.scale, curr.accept)
              [,1]   [,2]   [,3]    [,4]    [,5]    [,6]    [,7]    [,8]   [,9]
curr.scale  0.9216 2.0736 2.0736 2.48832 2.48832 1.10592 2.48832 1.65888 2.0736
curr.accept 0.2700 0.3700 0.2900 0.25000 0.30000 0.34000 0.36000 0.21000 0.1800
              [,10]    [,11]   [,12]    [,13] [,14] [,15] [,16]    [,17]
curr.scale  1.10592 2.985984 1.10592 3.583181 1.152 1.152 1.152 0.884736
curr.accept 0.19000 0.290000 0.27000 0.230000 0.310 0.250 0.300 0.330000
               [,18]   [,19]
curr.scale  2.985984 2.48832
curr.accept 0.190000 0.35000
- var.name: b
    scale bound reached #: lower = 0, upper = 0
    ill acceptance #: none = 0, all = 0
    acceptance NOT in range #: lower = 3, upper = 6, total = 9
- var.name: p
    scale bound reached #: lower = 0, upper = 0
    ill acceptance #: none = 0, all = 0
    acceptance NOT in range #: lower = 0, upper = 1, total = 1
- var.name: phi
    scale bound reached #: lower = 0, upper = 0
    ill acceptance #: none = 0, all = 0
    acceptance NOT in range #: lower = 128, upper = 1266, total = 1394
- b: rbind(curr.scale, curr.accept)
              [,1]    [,2]   [,3]    [,4]     [,5]     [,6]     [,7]    [,8]
curr.scale  0.9216 2.48832 2.0736 2.48832 2.985984 1.327104 2.985984 1.65888
curr.accept 0.3100 0.22000 0.2700 0.31000 0.240000 0.210000 0.240000 0.21000
               [,9]    [,10]    [,11]   [,12]    [,13]  [,14] [,15]  [,16]
curr.scale  1.65888 0.884736 2.985984 1.10592 3.583181 1.3824 1.152 1.3824
curr.accept 0.37000 0.240000 0.270000 0.32000 0.190000 0.2100 0.250 0.1000
               [,17]    [,18]    [,19]
curr.scale  1.061683 2.388787 2.985984
curr.accept 0.270000 0.390000 0.250000
- var.name: b
    scale bound reached #: lower = 0, upper = 0
    ill acceptance #: none = 0, all = 0
    acceptance NOT in range #: lower = 2, upper = 5, total = 7
- var.name: p
    scale bound reached #: lower = 0, upper = 0
    ill acceptance #: none = 0, all = 0
    acceptance NOT in range #: lower = 0, upper = 1, total = 1
- var.name: phi
    scale bound reached #: lower = 0, upper = 0
    ill acceptance #: none = 0, all = 0
    acceptance NOT in range #: lower = 172, upper = 951, total = 1123
- b: rbind(curr.scale, curr.accept)
               [,1]    [,2]   [,3]     [,4]     [,5]     [,6]     [,7]    [,8]
curr.scale  1.10592 2.48832 2.0736 2.985984 2.985984 1.327104 2.985984 1.65888
curr.accept 0.25000 0.30000 0.3200 0.280000 0.340000 0.190000 0.210000 0.21000
                [,9]    [,10]    [,11]    [,12]    [,13]  [,14] [,15]   [,16]
curr.scale  1.990656 0.884736 2.985984 1.327104 2.866545 1.3824 1.152 1.10592
curr.accept 0.340000 0.350000 0.270000 0.270000 0.250000 0.1200 0.160 0.42000
               [,17]    [,18]    [,19]
curr.scale  1.061683 2.866545 2.985984
curr.accept 0.220000 0.250000 0.300000
- var.name: b
    scale bound reached #: lower = 0, upper = 0
    ill acceptance #: none = 0, all = 0
    acceptance NOT in range #: lower = 3, upper = 5, total = 8
- var.name: p
    scale bound reached #: lower = 0, upper = 0
    ill acceptance #: none = 0, all = 0
    acceptance NOT in range #: lower = 0, upper = 0, total = 0
- var.name: phi
    scale bound reached #: lower = 0, upper = 0
    ill acceptance #: none = 0, all = 0
    acceptance NOT in range #: lower = 203, upper = 634, total = 837
- b: rbind(curr.scale, curr.accept)
               [,1]     [,2]    [,3]     [,4]     [,5]     [,6]     [,7]
curr.scale  1.10592 2.985984 2.48832 2.985984 3.583181 1.061683 2.985984
curr.accept 0.24000 0.220000 0.23000 0.240000 0.250000 0.360000 0.260000
               [,8]     [,9]    [,10]    [,11]    [,12]    [,13]   [,14]  [,15]
curr.scale  1.65888 2.388787 1.061683 2.985984 1.327104 2.866545 1.10592 0.9216
curr.accept 0.23000 0.260000 0.190000 0.280000 0.260000 0.320000 0.25000 0.3600
               [,16]    [,17]    [,18]    [,19]
curr.scale  1.327104 1.061683 2.866545 3.583181
curr.accept 0.250000 0.320000 0.160000 0.200000
- var.name: b
    scale bound reached #: lower = 0, upper = 0
    ill acceptance #: none = 0, all = 0
    acceptance NOT in range #: lower = 2, upper = 4, total = 6
- var.name: p
    scale bound reached #: lower = 0, upper = 0
    ill acceptance #: none = 0, all = 0
    acceptance NOT in range #: lower = 0, upper = 1, total = 1
- var.name: phi
    scale bound reached #: lower = 0, upper = 0
    ill acceptance #: none = 0, all = 0
    acceptance NOT in range #: lower = 275, upper = 468, total = 743
- b: rbind(curr.scale, curr.accept)
               [,1]     [,2]    [,3]     [,4]     [,5]    [,6]     [,7]    [,8]
curr.scale  1.10592 2.985984 2.48832 2.985984 3.583181 1.27402 2.985984 1.65888
curr.accept 0.31000 0.340000 0.34000 0.250000 0.210000 0.23000 0.220000 0.22000
                [,9]     [,10]    [,11]    [,12]    [,13]   [,14]   [,15]
curr.scale  2.388787 0.8493466 2.985984 1.327104 3.439854 1.10592 1.10592
curr.accept 0.280000 0.3700000 0.150000 0.280000 0.280000 0.26000 0.30000
               [,16]   [,17]    [,18]    [,19]
curr.scale  1.327104 1.27402 2.293236 2.866545
curr.accept 0.250000 0.34000 0.420000 0.300000
- var.name: b
    scale bound reached #: lower = 0, upper = 0
    ill acceptance #: none = 0, all = 0
    acceptance NOT in range #: lower = 1, upper = 6, total = 7
- var.name: p
    scale bound reached #: lower = 0, upper = 0
    ill acceptance #: none = 0, all = 0
    acceptance NOT in range #: lower = 0, upper = 0, total = 0
- var.name: phi
    scale bound reached #: lower = 0, upper = 0
    ill acceptance #: none = 0, all = 0
    acceptance NOT in range #: lower = 248, upper = 466, total = 714
- b: rbind(curr.scale, curr.accept)
                [,1]     [,2]     [,3]     [,4]     [,5]    [,6]     [,7]
curr.scale  1.327104 3.583181 2.985984 2.985984 3.583181 1.27402 2.985984
curr.accept 0.170000 0.230000 0.240000 0.200000 0.260000 0.25000 0.290000
               [,8]     [,9]    [,10]    [,11]    [,12]    [,13]   [,14]
curr.scale  1.65888 2.388787 1.019216 2.388787 1.327104 3.439854 1.10592
curr.accept 0.22000 0.260000 0.220000 0.370000 0.300000 0.270000 0.18000
               [,15]    [,16]    [,17]    [,18]    [,19]
curr.scale  1.327104 1.327104 1.528824 2.751883 3.439854
curr.accept 0.270000 0.270000 0.230000 0.350000 0.230000
- var.name: b
    scale bound reached #: lower = 0, upper = 0
    ill acceptance #: none = 0, all = 0
    acceptance NOT in range #: lower = 2, upper = 2, total = 4
- var.name: p
    scale bound reached #: lower = 0, upper = 0
    ill acceptance #: none = 0, all = 0
    acceptance NOT in range #: lower = 1, upper = 1, total = 2
- var.name: phi
    scale bound reached #: lower = 0, upper = 0
    ill acceptance #: none = 0, all = 0
    acceptance NOT in range #: lower = 291, upper = 418, total = 709
- b: rbind(curr.scale, curr.accept)
                [,1]     [,2]     [,3]     [,4]     [,5]    [,6]     [,7]
curr.scale  1.061683 3.583181 2.985984 2.388787 3.583181 1.27402 2.985984
curr.accept 0.340000 0.110000 0.220000 0.290000 0.130000 0.29000 0.250000
               [,8]     [,9]    [,10]    [,11]    [,12]    [,13]    [,14]
curr.scale  1.65888 2.388787 1.019216 2.866545 1.592525 3.439854 0.884736
curr.accept 0.16000 0.300000 0.150000 0.270000 0.200000 0.250000 0.390000
               [,15]    [,16]    [,17]    [,18]    [,19]
curr.scale  1.327104 1.327104 1.528824 3.302259 3.439854
curr.accept 0.260000 0.140000 0.190000 0.170000 0.210000
- var.name: b
    scale bound reached #: lower = 0, upper = 0
    ill acceptance #: none = 0, all = 0
    acceptance NOT in range #: lower = 7, upper = 2, total = 9
- var.name: p
    scale bound reached #: lower = 0, upper = 0
    ill acceptance #: none = 0, all = 0
    acceptance NOT in range #: lower = 0, upper = 0, total = 0
- var.name: phi
    scale bound reached #: lower = 0, upper = 0
    ill acceptance #: none = 0, all = 0
    acceptance NOT in range #: lower = 325, upper = 437, total = 762
- b: rbind(curr.scale, curr.accept)
               [,1]     [,2]     [,3]     [,4]     [,5]    [,6]     [,7]
curr.scale  1.27402 2.866545 2.985984 2.388787 2.866545 1.27402 2.985984
curr.accept 0.30000 0.290000 0.310000 0.350000 0.280000 0.18000 0.220000
                [,8]     [,9]     [,10]    [,11]   [,12]    [,13]    [,14]
curr.scale  1.327104 2.866545 0.8153727 2.866545 1.27402 3.439854 1.061683
curr.accept 0.360000 0.220000 0.4000000 0.270000 0.24000 0.210000 0.320000
               [,15]    [,16]    [,17]    [,18]    [,19]
curr.scale  1.327104 1.061683 1.223059 2.641808 3.439854
curr.accept 0.300000 0.320000 0.400000 0.260000 0.330000
- var.name: b
    scale bound reached #: lower = 0, upper = 0
    ill acceptance #: none = 0, all = 0
    acceptance NOT in range #: lower = 1, upper = 8, total = 9
- var.name: p
    scale bound reached #: lower = 0, upper = 0
    ill acceptance #: none = 0, all = 0
    acceptance NOT in range #: lower = 1, upper = 0, total = 1
- var.name: phi
    scale bound reached #: lower = 0, upper = 0
    ill acceptance #: none = 0, all = 0
    acceptance NOT in range #: lower = 337, upper = 435, total = 772
- b: rbind(curr.scale, curr.accept)
                [,1]     [,2]     [,3]     [,4]     [,5]     [,6]     [,7]
curr.scale  1.528824 2.866545 3.583181 2.866545 2.866545 1.019216 2.985984
curr.accept 0.110000 0.340000 0.140000 0.240000 0.190000 0.330000 0.290000
                [,8]     [,9]     [,10]    [,11]   [,12]    [,13]   [,14]
curr.scale  1.592525 2.866545 0.9784472 2.866545 1.27402 3.439854 1.27402
curr.accept 0.270000 0.210000 0.1900000 0.360000 0.22000 0.270000 0.12000
               [,15]   [,16]    [,17]    [,18]    [,19]
curr.scale  1.592525 1.27402 1.467671 2.641808 4.127824
curr.accept 0.180000 0.24000 0.220000 0.300000 0.140000
- var.name: b
    scale bound reached #: lower = 0, upper = 0
    ill acceptance #: none = 0, all = 0
    acceptance NOT in range #: lower = 7, upper = 3, total = 10
- var.name: p
    scale bound reached #: lower = 0, upper = 0
    ill acceptance #: none = 0, all = 0
    acceptance NOT in range #: lower = 0, upper = 0, total = 0
- var.name: phi
    scale bound reached #: lower = 0, upper = 0
    ill acceptance #: none = 0, all = 0
    acceptance NOT in range #: lower = 335, upper = 401, total = 736
- b: rbind(curr.scale, curr.accept)
                [,1]     [,2]     [,3]     [,4]     [,5]     [,6]     [,7]
curr.scale  1.223059 3.439854 2.866545 2.866545 2.293236 1.223059 2.985984
curr.accept 0.240000 0.170000 0.280000 0.250000 0.390000 0.210000 0.280000
                [,8]     [,9]     [,10]    [,11]   [,12]    [,13]    [,14]
curr.scale  1.592525 2.866545 0.7827578 3.439854 1.27402 3.439854 1.019216
curr.accept 0.290000 0.210000 0.3200000 0.310000 0.24000 0.240000 0.310000
              [,15]   [,16]    [,17]    [,18]    [,19]
curr.scale  1.27402 1.27402 1.467671 3.170169 3.302259
curr.accept 0.29000 0.21000 0.180000 0.290000 0.280000
- var.name: b
    scale bound reached #: lower = 0, upper = 0
    ill acceptance #: none = 0, all = 0
    acceptance NOT in range #: lower = 2, upper = 4, total = 6
- var.name: p
    scale bound reached #: lower = 0, upper = 0
    ill acceptance #: none = 0, all = 0
    acceptance NOT in range #: lower = 0, upper = 1, total = 1
- var.name: phi
    scale bound reached #: lower = 0, upper = 0
    ill acceptance #: none = 0, all = 0
    acceptance NOT in range #: lower = 323, upper = 438, total = 761
- b: rbind(curr.scale, curr.accept)
                [,1]     [,2]     [,3]     [,4]     [,5]     [,6]     [,7]
curr.scale  1.223059 2.751883 2.866545 2.866545 2.751883 1.223059 2.985984
curr.accept 0.290000 0.250000 0.300000 0.330000 0.320000 0.290000 0.320000
                [,8]     [,9]     [,10]    [,11]   [,12]    [,13]    [,14]
curr.scale  1.592525 2.866545 0.9393093 4.127824 1.27402 3.439854 1.223059
curr.accept 0.240000 0.140000 0.2700000 0.230000 0.31000 0.280000 0.230000
              [,15]   [,16]    [,17]    [,18]    [,19]
curr.scale  1.27402 1.27402 1.174137 3.170169 3.302259
curr.accept 0.30000 0.30000 0.320000 0.290000 0.310000
- var.name: b
    scale bound reached #: lower = 0, upper = 0
    ill acceptance #: none = 0, all = 0
    acceptance NOT in range #: lower = 1, upper = 6, total = 7
- var.name: p
    scale bound reached #: lower = 0, upper = 0
    ill acceptance #: none = 0, all = 0
    acceptance NOT in range #: lower = 0, upper = 1, total = 1
- var.name: phi
    scale bound reached #: lower = 0, upper = 0
    ill acceptance #: none = 0, all = 0
    acceptance NOT in range #: lower = 327, upper = 438, total = 765
- b: rbind(curr.scale, curr.accept)
                [,1]     [,2]     [,3]     [,4]     [,5]     [,6]     [,7]
curr.scale  1.223059 2.751883 3.439854 3.439854 3.302259 1.223059 3.583181
curr.accept 0.170000 0.250000 0.260000 0.200000 0.200000 0.330000 0.230000
                [,8]     [,9]     [,10]    [,11]    [,12]    [,13]    [,14]
curr.scale  1.592525 2.293236 0.9393093 4.127824 1.528824 3.439854 1.223059
curr.accept 0.390000 0.320000 0.3600000 0.260000 0.190000 0.200000 0.210000
               [,15]    [,16]    [,17]    [,18]    [,19]
curr.scale  1.528824 1.528824 1.408964 3.170169 3.962711
curr.accept 0.170000 0.110000 0.290000 0.260000 0.160000
- var.name: b
    scale bound reached #: lower = 0, upper = 0
    ill acceptance #: none = 0, all = 0
    acceptance NOT in range #: lower = 5, upper = 4, total = 9
- var.name: p
    scale bound reached #: lower = 0, upper = 0
    ill acceptance #: none = 0, all = 0
    acceptance NOT in range #: lower = 0, upper = 0, total = 0
- var.name: phi
    scale bound reached #: lower = 0, upper = 0
    ill acceptance #: none = 0, all = 0
    acceptance NOT in range #: lower = 333, upper = 360, total = 693
- b: rbind(curr.scale, curr.accept)
                 [,1]     [,2]     [,3]     [,4]     [,5]     [,6]     [,7]
curr.scale  0.9784472 2.751883 3.439854 2.751883 2.641808 1.467671 3.583181
curr.accept 0.3500000 0.260000 0.230000 0.310000 0.340000 0.200000 0.280000
               [,8]     [,9]    [,10]    [,11]    [,12]    [,13]    [,14]
curr.scale  1.91103 2.751883 1.127171 4.127824 1.223059 2.751883 1.223059
curr.accept 0.20000 0.250000 0.220000 0.180000 0.330000 0.380000 0.080000
               [,15]    [,16]    [,17]    [,18]    [,19]
curr.scale  1.223059 1.223059 1.408964 3.170169 3.170169
curr.accept 0.300000 0.330000 0.190000 0.180000 0.240000
- var.name: b
    scale bound reached #: lower = 0, upper = 0
    ill acceptance #: none = 0, all = 0
    acceptance NOT in range #: lower = 4, upper = 6, total = 10
- var.name: p
    scale bound reached #: lower = 0, upper = 0
    ill acceptance #: none = 0, all = 0
    acceptance NOT in range #: lower = 0, upper = 1, total = 1
- var.name: phi
    scale bound reached #: lower = 0, upper = 0
    ill acceptance #: none = 0, all = 0
    acceptance NOT in range #: lower = 333, upper = 368, total = 701
- b: rbind(curr.scale, curr.accept)
                [,1]     [,2]     [,3]     [,4]     [,5]     [,6]     [,7]
curr.scale  1.174137 2.751883 3.439854 3.302259 3.170169 1.174137 3.583181
curr.accept 0.260000 0.300000 0.170000 0.200000 0.240000 0.310000 0.220000
                [,8]     [,9]    [,10]    [,11]    [,12]    [,13]     [,14]
curr.scale  1.528824 2.751883 1.127171 3.302259 1.467671 3.302259 0.9784472
curr.accept 0.280000 0.260000 0.210000 0.230000 0.280000 0.230000 0.2500000
               [,15]    [,16]    [,17]    [,18]    [,19]
curr.scale  1.467671 1.467671 1.127171 2.536135 3.170169
curr.accept 0.170000 0.170000 0.340000 0.310000 0.230000
- var.name: b
    scale bound reached #: lower = 0, upper = 0
    ill acceptance #: none = 0, all = 0
    acceptance NOT in range #: lower = 3, upper = 3, total = 6
- var.name: p
    scale bound reached #: lower = 0, upper = 0
    ill acceptance #: none = 0, all = 0
    acceptance NOT in range #: lower = 1, upper = 0, total = 1
- var.name: phi
    scale bound reached #: lower = 0, upper = 0
    ill acceptance #: none = 0, all = 0
    acceptance NOT in range #: lower = 284, upper = 428, total = 712
- b: rbind(curr.scale, curr.accept)
                [,1]     [,2]     [,3]     [,4]     [,5]     [,6]     [,7]
curr.scale  1.174137 3.302259 2.751883 2.641808 3.170169 1.408964 3.583181
curr.accept 0.270000 0.180000 0.290000 0.220000 0.210000 0.310000 0.180000
                [,8]     [,9]    [,10]    [,11]    [,12]    [,13]     [,14]
curr.scale  1.528824 2.751883 1.127171 3.302259 1.467671 3.302259 0.9784472
curr.accept 0.400000 0.290000 0.200000 0.270000 0.220000 0.260000 0.2700000
               [,15]    [,16]    [,17]    [,18]    [,19]
curr.scale  1.174137 1.174137 1.352605 3.043362 3.170169
curr.accept 0.440000 0.340000 0.290000 0.300000 0.210000
- var.name: b
    scale bound reached #: lower = 0, upper = 0
    ill acceptance #: none = 0, all = 0
    acceptance NOT in range #: lower = 2, upper = 4, total = 6
- var.name: p
    scale bound reached #: lower = 0, upper = 0
    ill acceptance #: none = 0, all = 0
    acceptance NOT in range #: lower = 0, upper = 0, total = 0
- var.name: phi
    scale bound reached #: lower = 0, upper = 0
    ill acceptance #: none = 0, all = 0
    acceptance NOT in range #: lower = 357, upper = 412, total = 769
- b: rbind(curr.scale, curr.accept)
                [,1]     [,2]     [,3]     [,4]     [,5]     [,6]     [,7]
curr.scale  1.174137 2.641808 2.751883 2.641808 3.170169 1.690757 2.866545
curr.accept 0.200000 0.260000 0.270000 0.280000 0.270000 0.180000 0.290000
                [,8]     [,9]    [,10]    [,11]    [,12]    [,13]     [,14]
curr.scale  1.834589 2.751883 0.901737 3.302259 1.467671 3.302259 0.9784472
curr.accept 0.220000 0.210000 0.300000 0.230000 0.240000 0.280000 0.2100000
               [,15]    [,16]    [,17]    [,18]    [,19]
curr.scale  1.408964 1.408964 1.352605 3.652035 3.170169
curr.accept 0.190000 0.200000 0.370000 0.250000 0.330000
- var.name: b
    scale bound reached #: lower = 0, upper = 0
    ill acceptance #: none = 0, all = 0
    acceptance NOT in range #: lower = 2, upper = 2, total = 4
- var.name: p
    scale bound reached #: lower = 0, upper = 0
    ill acceptance #: none = 0, all = 0
    acceptance NOT in range #: lower = 1, upper = 1, total = 2
- var.name: phi
    scale bound reached #: lower = 0, upper = 0
    ill acceptance #: none = 0, all = 0
    acceptance NOT in range #: lower = 393, upper = 354, total = 747
- b: rbind(curr.scale, curr.accept)
                 [,1]     [,2]     [,3]     [,4]     [,5]     [,6]     [,7]
curr.scale  0.9393093 2.641808 2.751883 2.641808 3.170169 1.352605 2.866545
curr.accept 0.3100000 0.300000 0.220000 0.340000 0.260000 0.250000 0.250000
                [,8]     [,9]    [,10]    [,11]    [,12]    [,13]     [,14]
curr.scale  1.834589 2.751883 1.082084 3.302259 1.467671 3.302259 0.9784472
curr.accept 0.300000 0.260000 0.240000 0.240000 0.210000 0.270000 0.2300000
               [,15]    [,16]    [,17]    [,18]    [,19]
curr.scale  1.127171 1.127171 1.623127 3.652035 3.804203
curr.accept 0.340000 0.270000 0.250000 0.190000 0.180000
- var.name: b
    scale bound reached #: lower = 0, upper = 0
    ill acceptance #: none = 0, all = 0
    acceptance NOT in range #: lower = 2, upper = 3, total = 5
- var.name: p
    scale bound reached #: lower = 0, upper = 0
    ill acceptance #: none = 0, all = 0
    acceptance NOT in range #: lower = 0, upper = 0, total = 0
- var.name: phi
    scale bound reached #: lower = 0, upper = 0
    ill acceptance #: none = 0, all = 0
    acceptance NOT in range #: lower = 287, upper = 485, total = 772
- b: rbind(curr.scale, curr.accept)
                [,1]     [,2]     [,3]     [,4]     [,5]     [,6]     [,7]
curr.scale  1.127171 3.170169 2.751883 3.170169 3.170169 1.352605 2.866545
curr.accept 0.280000 0.230000 0.250000 0.260000 0.290000 0.250000 0.280000
                [,8]     [,9]    [,10]    [,11]    [,12]    [,13]     [,14]
curr.scale  2.201506 2.751883 1.082084 3.302259 1.467671 3.302259 0.9784472
curr.accept 0.200000 0.200000 0.190000 0.300000 0.240000 0.330000 0.2200000
               [,15]    [,16]    [,17]    [,18]    [,19]
curr.scale  1.352605 1.127171 1.623127 2.921628 3.043362
curr.accept 0.230000 0.320000 0.310000 0.350000 0.260000
- var.name: b
    scale bound reached #: lower = 0, upper = 0
    ill acceptance #: none = 0, all = 0
    acceptance NOT in range #: lower = 1, upper = 4, total = 5
- var.name: p
    scale bound reached #: lower = 0, upper = 0
    ill acceptance #: none = 0, all = 0
    acceptance NOT in range #: lower = 0, upper = 1, total = 1
- var.name: phi
    scale bound reached #: lower = 0, upper = 0
    ill acceptance #: none = 0, all = 0
    acceptance NOT in range #: lower = 301, upper = 418, total = 719
- b: rbind(curr.scale, curr.accept)
                [,1]     [,2]     [,3]     [,4]     [,5]     [,6]     [,7]
curr.scale  1.127171 3.170169 2.751883 3.170169 3.170169 1.352605 2.866545
curr.accept 0.340000 0.350000 0.320000 0.190000 0.290000 0.160000 0.340000
                [,8]     [,9]     [,10]    [,11]    [,12]    [,13]     [,14]
curr.scale  1.761205 2.201506 0.8656675 3.962711 1.467671 3.962711 0.9784472
curr.accept 0.220000 0.400000 0.3100000 0.180000 0.300000 0.240000 0.3000000
               [,15]    [,16]    [,17]    [,18]    [,19]
curr.scale  1.352605 1.352605 1.947752 3.505953 3.043362
curr.accept 0.300000 0.350000 0.190000 0.290000 0.260000
- var.name: b
    scale bound reached #: lower = 0, upper = 0
    ill acceptance #: none = 0, all = 0
    acceptance NOT in range #: lower = 4, upper = 7, total = 11
- var.name: p
    scale bound reached #: lower = 0, upper = 0
    ill acceptance #: none = 0, all = 0
    acceptance NOT in range #: lower = 1, upper = 0, total = 1
- var.name: phi
    scale bound reached #: lower = 0, upper = 0
    ill acceptance #: none = 0, all = 0
    acceptance NOT in range #: lower = 364, upper = 363, total = 727
[1] "ALERT ALERT ALERT lpProp has NaN!"
Called from: my.drawPhiConditionalAll(phi.Curr, phi.Obs, y, n, b.Curr, p.Curr, 
    reu13.df = reu13.df.obs)
Browse[1]> length(is.nan(lpProp))
[1] 2251
There were 50 or more warnings (use warnings() to see the first 50)
