===================================================================================
================================ START HEADER =====================================
===================================================================================
Function call:
Rscript run_roc.r -c cubfits -s 0.5 1 2 4 -f ../data/ecoli_K12_MG1655_genome_filtered.fasta -p ../data/ecoli_X_obs.csv -o ../results/conv_test/ -n with_xobs_multichain_lapply_4cores -i wxobs_pinit.csv

MCMC parameters:
Number of samples between checks: 1000 
Min samples: 5000 
Max samples: 15000 
Reset QR until: 0 samples
Thining: store every 10 iteration as sample
Swap 0 % of b matrix
Swap b matrix if L1-norm is < 0 

Simulation parameters
Number of Cores 1 
Number of Chains: 1 
Parallel mode within chain: lapply 
Samples used: 1000 
First 0  AAs removed from sequence
Sequences with less than 0 AAs ignored
List of AAs taken into account:
	A C D E F G H I K L M N P Q R S T V W Y Z

Convergence criteria
Convergence test: Geweke
Convergence criterium: Z Score < 0.15 
% chain used at the begining: 0.1 
% chain used at the end: 0.5 
Use every 1 sample for convergence test

===================================================================================
================================= END HEADER ======================================
===================================================================================


started at: 2014-09-08 10:44:23 
using cubfits 
reading sequences from file ../data/ecoli_K12_MG1655_genome_filtered.fasta 
reading gene expression measurements (Xobs) from file
 ../data/ecoli_X_obs.csv 
and compare to ORF list from FASTA file
 ../data/ecoli_K12_MG1655_genome_filtered.fasta 
generating list of codon position in ORFs for each AA...
generating list of number of AA occurences per ORF...
generating list of codon counts per ORF...
generate initial phi using SCUO with sd(ln(phi)) values
	- 0.5 
running cubfits using cubsinglechain 
	 with seeds: 6288
- b: rbind(curr.scale, curr.accept)
            [,1] [,2] [,3] [,4] [,5] [,6] [,7] [,8] [,9] [,10] [,11] [,12]
curr.scale  1.00 1.00 1.00 1.00 1.00 1.00 1.00 1.00 1.00  1.00  1.00  1.00
curr.accept 0.14 0.33 0.43 0.32 0.38 0.41 0.41 0.39 0.28  0.31  0.38  0.33
            [,13] [,14] [,15] [,16] [,17] [,18] [,19]
curr.scale   1.00  1.00  1.00  1.00  1.00  1.00  1.00
curr.accept  0.44  0.46  0.25  0.29  0.16  0.43  0.49
- b: rbind(curr.scale, curr.accept)
            [,1] [,2] [,3] [,4] [,5] [,6] [,7] [,8] [,9] [,10] [,11] [,12]
curr.scale  0.80  1.2 1.20  1.2 1.20 1.20 1.20 1.20 1.00   1.2  1.20  1.20
curr.accept 0.11  0.2 0.19  0.3 0.37 0.18 0.36 0.19 0.23   0.1  0.35  0.16
            [,13] [,14] [,15] [,16] [,17] [,18] [,19]
curr.scale   1.20   1.2  1.00  1.00  0.80  1.20  1.20
curr.accept  0.34   0.2  0.21  0.23  0.09  0.38  0.44
- b: rbind(curr.scale, curr.accept)
            [,1] [,2] [,3] [,4] [,5] [,6] [,7] [,8] [,9] [,10] [,11] [,12]
curr.scale  0.64 0.96 0.96 1.44 1.44 0.96 1.44 0.96 1.00  0.96  1.44  0.96
curr.accept 0.29 0.45 0.37 0.20 0.42 0.17 0.29 0.37 0.34  0.23  0.49  0.20
            [,13] [,14] [,15] [,16] [,17] [,18] [,19]
curr.scale   1.44  0.96  1.00  1.00  0.64  1.44  1.44
curr.accept  0.31  0.23  0.14  0.18  0.17  0.36  0.47
- var.name: b
    scale bound reached #: lower = 0, upper = 0
    ill acceptance #: none = 0, all = 0
    acceptance NOT in range #: lower = 4, upper = 9, total = 13
- var.name: p
    scale bound reached #: lower = 0, upper = 0
    ill acceptance #: none = 0, all = 0
    acceptance NOT in range #: lower = 1, upper = 1, total = 2
- var.name: phi
    scale bound reached #: lower = 0, upper = 0
    ill acceptance #: none = 0, all = 0
    acceptance NOT in range #: lower = 151, upper = 1797, total = 1948
- b: rbind(curr.scale, curr.accept)
            [,1]  [,2]  [,3]  [,4]  [,5]  [,6] [,7]  [,8] [,9] [,10] [,11]
curr.scale  0.64 1.152 1.152 1.152 1.728 0.768 1.44 1.152 1.20  0.96 1.728
curr.accept 0.25 0.410 0.300 0.470 0.290 0.400 0.28 0.350 0.33  0.34 0.360
            [,12] [,13] [,14] [,15] [,16] [,17] [,18] [,19]
curr.scale  0.768 1.728  0.96  0.80  0.80 0.512 1.728 1.728
curr.accept 0.360 0.350  0.27  0.32  0.26 0.190 0.310 0.410
- var.name: b
    scale bound reached #: lower = 0, upper = 0
    ill acceptance #: none = 0, all = 0
    acceptance NOT in range #: lower = 1, upper = 12, total = 13
- var.name: p
    scale bound reached #: lower = 0, upper = 0
    ill acceptance #: none = 0, all = 0
    acceptance NOT in range #: lower = 0, upper = 1, total = 1
- var.name: phi
    scale bound reached #: lower = 0, upper = 0
    ill acceptance #: none = 0, all = 0
    acceptance NOT in range #: lower = 118, upper = 1771, total = 1889
- b: rbind(curr.scale, curr.accept)
            [,1]   [,2]   [,3]   [,4]  [,5]   [,6] [,7]   [,8] [,9] [,10]
curr.scale  0.64 1.3824 1.3824 1.3824 1.728 0.9216 1.44 1.3824 1.44 1.152
curr.accept 0.28 0.4700 0.4000 0.3400 0.420 0.3500 0.47 0.2700 0.34 0.250
             [,11]  [,12]  [,13] [,14] [,15] [,16]  [,17]  [,18]  [,19]
curr.scale  2.0736 0.9216 2.0736  0.96  0.96  0.80 0.4096 2.0736 2.0736
curr.accept 0.3100 0.3600 0.2900  0.24  0.25  0.31 0.5000 0.3200 0.2800
- var.name: b
    scale bound reached #: lower = 0, upper = 0
    ill acceptance #: none = 0, all = 0
    acceptance NOT in range #: lower = 0, upper = 12, total = 12
- var.name: p
    scale bound reached #: lower = 0, upper = 0
    ill acceptance #: none = 0, all = 0
    acceptance NOT in range #: lower = 0, upper = 1, total = 1
- var.name: phi
    scale bound reached #: lower = 0, upper = 0
    ill acceptance #: none = 0, all = 0
    acceptance NOT in range #: lower = 122, upper = 1708, total = 1830
- b: rbind(curr.scale, curr.accept)
            [,1]    [,2]    [,3]    [,4]   [,5]    [,6]  [,7]   [,8]  [,9]
curr.scale  0.64 1.65888 1.65888 1.65888 2.0736 1.10592 1.728 1.3824 1.728
curr.accept 0.34 0.36000 0.37000 0.31000 0.3600 0.26000 0.320 0.3100 0.330
            [,10]   [,11]   [,12]  [,13] [,14] [,15] [,16]   [,17]   [,18]
curr.scale  1.152 2.48832 1.10592 2.0736  0.96  0.96  0.96 0.49152 2.48832
curr.accept 0.290 0.27000 0.24000 0.4100  0.34  0.27  0.34 0.44000 0.28000
             [,19]
curr.scale  2.0736
curr.accept 0.3700
- var.name: b
    scale bound reached #: lower = 0, upper = 0
    ill acceptance #: none = 0, all = 0
    acceptance NOT in range #: lower = 0, upper = 13, total = 13
- var.name: p
    scale bound reached #: lower = 0, upper = 0
    ill acceptance #: none = 0, all = 0
    acceptance NOT in range #: lower = 0, upper = 1, total = 1
- var.name: phi
    scale bound reached #: lower = 0, upper = 0
    ill acceptance #: none = 0, all = 0
    acceptance NOT in range #: lower = 106, upper = 1691, total = 1797
- b: rbind(curr.scale, curr.accept)
             [,1]     [,2]     [,3]     [,4]    [,5]    [,6]   [,7]    [,8]
curr.scale  0.768 1.990656 1.990656 1.990656 2.48832 1.10592 2.0736 1.65888
curr.accept 0.350 0.290000 0.240000 0.280000 0.24000 0.34000 0.3400 0.22000
              [,9] [,10]   [,11]   [,12]   [,13] [,14] [,15] [,16]    [,17]
curr.scale  2.0736 1.152 2.48832 1.10592 2.48832 1.152  0.96 1.152 0.589824
curr.accept 0.2800 0.250 0.22000 0.26000 0.27000 0.190  0.27 0.380 0.310000
              [,18]   [,19]
curr.scale  2.48832 2.48832
curr.accept 0.15000 0.28000
- var.name: b
    scale bound reached #: lower = 0, upper = 0
    ill acceptance #: none = 0, all = 0
    acceptance NOT in range #: lower = 2, upper = 5, total = 7
- var.name: p
    scale bound reached #: lower = 0, upper = 0
    ill acceptance #: none = 0, all = 0
    acceptance NOT in range #: lower = 1, upper = 1, total = 2
- var.name: phi
    scale bound reached #: lower = 0, upper = 0
    ill acceptance #: none = 0, all = 0
    acceptance NOT in range #: lower = 106, upper = 1630, total = 1736
- b: rbind(curr.scale, curr.accept)
              [,1]     [,2]     [,3]     [,4]    [,5]     [,6]    [,7]    [,8]
curr.scale  0.9216 1.990656 1.990656 1.990656 2.48832 1.327104 2.48832 1.65888
curr.accept 0.3000 0.230000 0.310000 0.300000 0.25000 0.210000 0.32000 0.30000
              [,9] [,10]   [,11]   [,12]   [,13]  [,14] [,15]  [,16]     [,17]
curr.scale  2.0736 1.152 2.48832 1.10592 2.48832 0.9216  0.96 1.3824 0.7077888
curr.accept 0.1400 0.300 0.29000 0.27000 0.32000 0.3700  0.30 0.1600 0.4200000
               [,18]   [,19]
curr.scale  1.990656 2.48832
curr.accept 0.390000 0.28000
- var.name: b
    scale bound reached #: lower = 0, upper = 0
    ill acceptance #: none = 0, all = 0
    acceptance NOT in range #: lower = 2, upper = 6, total = 8
- var.name: p
    scale bound reached #: lower = 0, upper = 0
    ill acceptance #: none = 0, all = 0
    acceptance NOT in range #: lower = 1, upper = 1, total = 2
- var.name: phi
    scale bound reached #: lower = 0, upper = 0
    ill acceptance #: none = 0, all = 0
    acceptance NOT in range #: lower = 115, upper = 1407, total = 1522
- b: rbind(curr.scale, curr.accept)
               [,1]     [,2]     [,3]     [,4]    [,5]     [,6]     [,7]
curr.scale  1.10592 1.990656 2.388787 2.388787 2.48832 1.327104 2.985984
curr.accept 0.20000 0.310000 0.270000 0.270000 0.22000 0.250000 0.130000
                [,8]    [,9]  [,10]   [,11]   [,12]    [,13]   [,14] [,15]
curr.scale  1.990656 1.65888 1.3824 2.48832 1.10592 2.985984 1.10592 1.152
curr.accept 0.140000 0.33000 0.1500 0.31000 0.41000 0.160000 0.33000 0.280
              [,16]     [,17]    [,18]   [,19]
curr.scale  1.10592 0.8493466 2.388787 2.48832
curr.accept 0.29000 0.3800000 0.290000 0.29000
- var.name: b
    scale bound reached #: lower = 0, upper = 0
    ill acceptance #: none = 0, all = 0
    acceptance NOT in range #: lower = 4, upper = 6, total = 10
- var.name: p
    scale bound reached #: lower = 0, upper = 0
    ill acceptance #: none = 0, all = 0
    acceptance NOT in range #: lower = 0, upper = 2, total = 2
- var.name: phi
    scale bound reached #: lower = 0, upper = 0
    ill acceptance #: none = 0, all = 0
    acceptance NOT in range #: lower = 143, upper = 1112, total = 1255
- b: rbind(curr.scale, curr.accept)
                [,1]     [,2]     [,3]     [,4]    [,5]     [,6]     [,7]
curr.scale  0.884736 2.388787 2.388787 2.388787 2.48832 1.327104 2.388787
curr.accept 0.440000 0.260000 0.320000 0.290000 0.31000 0.270000 0.300000
                [,8]     [,9]   [,10]    [,11]    [,12]    [,13]    [,14] [,15]
curr.scale  1.592525 1.990656 1.10592 2.985984 1.327104 2.388787 1.327104 1.152
curr.accept 0.280000 0.300000 0.26000 0.230000 0.290000 0.340000 0.150000 0.260
              [,16]    [,17]    [,18]   [,19]
curr.scale  1.10592 1.019216 2.388787 2.48832
curr.accept 0.29000 0.220000 0.350000 0.45000
- var.name: b
    scale bound reached #: lower = 0, upper = 0
    ill acceptance #: none = 0, all = 0
    acceptance NOT in range #: lower = 1, upper = 6, total = 7
- var.name: p
    scale bound reached #: lower = 0, upper = 0
    ill acceptance #: none = 0, all = 0
    acceptance NOT in range #: lower = 0, upper = 1, total = 1
- var.name: phi
    scale bound reached #: lower = 0, upper = 0
    ill acceptance #: none = 0, all = 0
    acceptance NOT in range #: lower = 183, upper = 763, total = 946
- b: rbind(curr.scale, curr.accept)
                [,1]     [,2]     [,3]     [,4]     [,5]     [,6]     [,7]
curr.scale  1.061683 2.388787 2.866545 2.388787 2.985984 1.327104 2.866545
curr.accept 0.340000 0.280000 0.210000 0.270000 0.300000 0.220000 0.260000
                [,8]     [,9]   [,10]    [,11]    [,12]    [,13]    [,14] [,15]
curr.scale  1.592525 2.388787 1.10592 2.985984 1.327104 2.866545 1.061683 1.152
curr.accept 0.290000 0.220000 0.27000 0.300000 0.390000 0.290000 0.260000 0.290
              [,16]    [,17]    [,18]    [,19]
curr.scale  1.10592 1.019216 2.866545 2.985984
curr.accept 0.39000 0.350000 0.220000 0.330000
- var.name: b
    scale bound reached #: lower = 0, upper = 0
    ill acceptance #: none = 0, all = 0
    acceptance NOT in range #: lower = 0, upper = 5, total = 5
- var.name: p
    scale bound reached #: lower = 0, upper = 0
    ill acceptance #: none = 0, all = 0
    acceptance NOT in range #: lower = 0, upper = 1, total = 1
- var.name: phi
    scale bound reached #: lower = 0, upper = 0
    ill acceptance #: none = 0, all = 0
    acceptance NOT in range #: lower = 296, upper = 524, total = 820
- b: rbind(curr.scale, curr.accept)
               [,1]     [,2]     [,3]     [,4]     [,5]     [,6]     [,7]
curr.scale  1.27402 2.388787 2.866545 2.388787 3.583181 1.327104 2.866545
curr.accept 0.30000 0.230000 0.270000 0.340000 0.250000 0.170000 0.200000
                [,8]     [,9]   [,10]    [,11]    [,12]    [,13]    [,14] [,15]
curr.scale  1.592525 2.388787 1.10592 3.583181 1.592525 2.866545 1.061683 1.152
curr.accept 0.220000 0.300000 0.30000 0.240000 0.170000 0.280000 0.260000 0.290
               [,16]    [,17]    [,18]    [,19]
curr.scale  1.327104 1.223059 2.866545 3.583181
curr.accept 0.210000 0.220000 0.260000 0.340000
- var.name: b
    scale bound reached #: lower = 0, upper = 0
    ill acceptance #: none = 0, all = 0
    acceptance NOT in range #: lower = 2, upper = 2, total = 4
- var.name: p
    scale bound reached #: lower = 0, upper = 0
    ill acceptance #: none = 0, all = 0
    acceptance NOT in range #: lower = 1, upper = 0, total = 1
- var.name: phi
    scale bound reached #: lower = 0, upper = 0
    ill acceptance #: none = 0, all = 0
    acceptance NOT in range #: lower = 307, upper = 433, total = 740
- b: rbind(curr.scale, curr.accept)
                [,1]     [,2]     [,3]     [,4]     [,5]     [,6]     [,7]
curr.scale  1.528824 2.388787 2.866545 2.866545 3.583181 1.061683 2.293236
curr.accept 0.200000 0.330000 0.210000 0.230000 0.170000 0.400000 0.290000
                [,8]     [,9]    [,10]    [,11]   [,12]    [,13]    [,14] [,15]
curr.scale  1.592525 2.866545 1.327104 3.583181 1.27402 2.866545 1.061683 1.152
curr.accept 0.370000 0.150000 0.270000 0.210000 0.22000 0.310000 0.240000 0.290
               [,16]    [,17]    [,18]    [,19]
curr.scale  1.327104 1.223059 2.866545 4.299817
curr.accept 0.280000 0.190000 0.280000 0.160000
- var.name: b
    scale bound reached #: lower = 0, upper = 0
    ill acceptance #: none = 0, all = 0
    acceptance NOT in range #: lower = 4, upper = 4, total = 8
- var.name: p
    scale bound reached #: lower = 0, upper = 0
    ill acceptance #: none = 0, all = 0
    acceptance NOT in range #: lower = 0, upper = 0, total = 0
- var.name: phi
    scale bound reached #: lower = 0, upper = 0
    ill acceptance #: none = 0, all = 0
    acceptance NOT in range #: lower = 313, upper = 398, total = 711
- b: rbind(curr.scale, curr.accept)
                [,1]     [,2]     [,3]     [,4]     [,5]    [,6]     [,7]
curr.scale  1.223059 2.866545 2.866545 2.866545 2.866545 1.27402 2.293236
curr.accept 0.230000 0.240000 0.230000 0.240000 0.270000 0.27000 0.350000
               [,8]     [,9]    [,10]    [,11]   [,12]    [,13]    [,14] [,15]
curr.scale  1.91103 2.293236 1.327104 3.583181 1.27402 3.439854 1.061683 1.152
curr.accept 0.16000 0.320000 0.290000 0.280000 0.36000 0.280000 0.330000 0.290
               [,16]     [,17]    [,18]    [,19]
curr.scale  1.327104 0.9784472 2.866545 3.439854
curr.accept 0.260000 0.3000000 0.330000 0.350000
- var.name: b
    scale bound reached #: lower = 0, upper = 0
    ill acceptance #: none = 0, all = 0
    acceptance NOT in range #: lower = 1, upper = 6, total = 7
- var.name: p
    scale bound reached #: lower = 0, upper = 0
    ill acceptance #: none = 0, all = 0
    acceptance NOT in range #: lower = 0, upper = 0, total = 0
- var.name: phi
    scale bound reached #: lower = 0, upper = 0
    ill acceptance #: none = 0, all = 0
    acceptance NOT in range #: lower = 346, upper = 391, total = 737
- b: rbind(curr.scale, curr.accept)
                [,1]     [,2]     [,3]     [,4]     [,5]    [,6]     [,7]
curr.scale  1.223059 2.866545 2.866545 2.866545 2.866545 1.27402 2.751883
curr.accept 0.240000 0.280000 0.200000 0.230000 0.310000 0.21000 0.250000
                [,8]     [,9]    [,10]    [,11]    [,12]    [,13]   [,14] [,15]
curr.scale  1.528824 2.751883 1.327104 3.583181 1.528824 3.439854 1.27402 1.152
curr.accept 0.280000 0.280000 0.210000 0.260000 0.140000 0.230000 0.10000 0.380
               [,16]    [,17]    [,18]    [,19]
curr.scale  1.327104 1.174137 3.439854 4.127824
curr.accept 0.280000 0.230000 0.270000 0.200000
- var.name: b
    scale bound reached #: lower = 0, upper = 0
    ill acceptance #: none = 0, all = 0
    acceptance NOT in range #: lower = 2, upper = 2, total = 4
- var.name: p
    scale bound reached #: lower = 0, upper = 0
    ill acceptance #: none = 0, all = 0
    acceptance NOT in range #: lower = 0, upper = 0, total = 0
- var.name: phi
    scale bound reached #: lower = 0, upper = 0
    ill acceptance #: none = 0, all = 0
    acceptance NOT in range #: lower = 391, upper = 334, total = 725
- b: rbind(curr.scale, curr.accept)
                [,1]     [,2]     [,3]     [,4]     [,5]    [,6]     [,7]
curr.scale  1.223059 2.866545 2.293236 2.866545 3.439854 1.27402 2.751883
curr.accept 0.190000 0.240000 0.300000 0.220000 0.250000 0.29000 0.280000
                [,8]     [,9]    [,10]    [,11]    [,12]    [,13]    [,14]
curr.scale  1.528824 2.751883 1.327104 3.583181 1.223059 3.439854 1.019216
curr.accept 0.310000 0.190000 0.300000 0.230000 0.270000 0.210000 0.310000
             [,15]    [,16]    [,17]    [,18]    [,19]
curr.scale  1.3824 1.327104 1.174137 3.439854 3.302259
curr.accept 0.2800 0.200000 0.260000 0.190000 0.290000
- var.name: b
    scale bound reached #: lower = 0, upper = 0
    ill acceptance #: none = 0, all = 0
    acceptance NOT in range #: lower = 3, upper = 2, total = 5
- var.name: p
    scale bound reached #: lower = 0, upper = 0
    ill acceptance #: none = 0, all = 0
    acceptance NOT in range #: lower = 0, upper = 0, total = 0
- var.name: phi
    scale bound reached #: lower = 0, upper = 0
    ill acceptance #: none = 0, all = 0
    acceptance NOT in range #: lower = 292, upper = 398, total = 690
- b: rbind(curr.scale, curr.accept)
                 [,1]     [,2]     [,3]     [,4]     [,5]    [,6]     [,7]
curr.scale  0.9784472 2.866545 2.751883 2.866545 3.439854 1.27402 2.751883
curr.accept 0.2800000 0.270000 0.260000 0.360000 0.190000 0.31000 0.250000
                [,8]     [,9]    [,10]    [,11]    [,12]    [,13]    [,14]
curr.scale  1.834589 2.201506 1.592525 3.583181 1.223059 3.439854 1.223059
curr.accept 0.280000 0.230000 0.110000 0.290000 0.220000 0.260000 0.200000
             [,15]    [,16]    [,17]    [,18]    [,19]
curr.scale  1.3824 1.061683 1.174137 2.751883 3.302259
curr.accept 0.2400 0.450000 0.250000 0.310000 0.200000
- var.name: b
    scale bound reached #: lower = 0, upper = 0
    ill acceptance #: none = 0, all = 0
    acceptance NOT in range #: lower = 2, upper = 4, total = 6
- var.name: p
    scale bound reached #: lower = 0, upper = 0
    ill acceptance #: none = 0, all = 0
    acceptance NOT in range #: lower = 0, upper = 0, total = 0
- var.name: phi
    scale bound reached #: lower = 0, upper = 0
    ill acceptance #: none = 0, all = 0
    acceptance NOT in range #: lower = 315, upper = 384, total = 699
- b: rbind(curr.scale, curr.accept)
                 [,1]     [,2]     [,3]     [,4]     [,5]     [,6]     [,7]
curr.scale  0.9784472 2.866545 2.751883 3.439854 2.751883 1.528824 2.751883
curr.accept 0.3800000 0.280000 0.240000 0.180000 0.300000 0.180000 0.230000
                [,8]     [,9]   [,10]    [,11]    [,12]    [,13]     [,14]
curr.scale  1.834589 2.201506 1.27402 3.583181 1.223059 3.439854 0.9784472
curr.accept 0.270000 0.250000 0.21000 0.280000 0.270000 0.270000 0.3200000
             [,15]   [,16]    [,17]    [,18]    [,19]
curr.scale  1.3824 1.27402 1.174137 3.302259 2.641808
curr.accept 0.2000 0.34000 0.240000 0.260000 0.340000
- var.name: b
    scale bound reached #: lower = 0, upper = 0
    ill acceptance #: none = 0, all = 0
    acceptance NOT in range #: lower = 2, upper = 4, total = 6
- var.name: p
    scale bound reached #: lower = 0, upper = 0
    ill acceptance #: none = 0, all = 0
    acceptance NOT in range #: lower = 0, upper = 1, total = 1
- var.name: phi
    scale bound reached #: lower = 0, upper = 0
    ill acceptance #: none = 0, all = 0
    acceptance NOT in range #: lower = 303, upper = 423, total = 726
- b: rbind(curr.scale, curr.accept)
                [,1]     [,2]     [,3]     [,4]     [,5]     [,6]     [,7]
curr.scale  1.174137 2.866545 2.751883 2.751883 3.302259 1.223059 2.751883
curr.accept 0.250000 0.270000 0.300000 0.190000 0.250000 0.310000 0.320000
                [,8]     [,9]   [,10]    [,11]    [,12]    [,13]    [,14]
curr.scale  1.834589 2.201506 1.27402 3.583181 1.223059 3.439854 1.174137
curr.accept 0.210000 0.260000 0.31000 0.160000 0.330000 0.340000 0.150000
              [,15]    [,16]    [,17]    [,18]    [,19]
curr.scale  1.10592 1.528824 1.174137 3.302259 3.170169
curr.accept 0.33000 0.220000 0.240000 0.150000 0.270000
- var.name: b
    scale bound reached #: lower = 0, upper = 0
    ill acceptance #: none = 0, all = 0
    acceptance NOT in range #: lower = 4, upper = 6, total = 10
- var.name: p
    scale bound reached #: lower = 0, upper = 0
    ill acceptance #: none = 0, all = 0
    acceptance NOT in range #: lower = 1, upper = 0, total = 1
- var.name: phi
    scale bound reached #: lower = 0, upper = 0
    ill acceptance #: none = 0, all = 0
    acceptance NOT in range #: lower = 383, upper = 356, total = 739
- b: rbind(curr.scale, curr.accept)
                [,1]     [,2]     [,3]     [,4]     [,5]     [,6]     [,7]
curr.scale  1.174137 2.866545 3.302259 2.201506 3.302259 1.467671 3.302259
curr.accept 0.250000 0.330000 0.250000 0.380000 0.240000 0.180000 0.240000
                [,8]     [,9]    [,10]    [,11]    [,12]    [,13]     [,14]
curr.scale  1.834589 2.201506 1.528824 2.866545 1.467671 4.127824 0.9393093
curr.accept 0.240000 0.360000 0.210000 0.390000 0.180000 0.210000 0.3300000
               [,15]    [,16]    [,17]    [,18]    [,19]
curr.scale  1.327104 1.528824 1.174137 2.641808 3.170169
curr.accept 0.220000 0.180000 0.340000 0.380000 0.250000
- var.name: b
    scale bound reached #: lower = 0, upper = 0
    ill acceptance #: none = 0, all = 0
    acceptance NOT in range #: lower = 3, upper = 7, total = 10
- var.name: p
    scale bound reached #: lower = 0, upper = 0
    ill acceptance #: none = 0, all = 0
    acceptance NOT in range #: lower = 0, upper = 0, total = 0
- var.name: phi
    scale bound reached #: lower = 0, upper = 0
    ill acceptance #: none = 0, all = 0
    acceptance NOT in range #: lower = 406, upper = 335, total = 741
- b: rbind(curr.scale, curr.accept)
                [,1]     [,2]     [,3]     [,4]     [,5]     [,6]     [,7]
curr.scale  1.174137 3.439854 3.302259 2.641808 3.302259 1.174137 3.302259
curr.accept 0.200000 0.210000 0.240000 0.290000 0.240000 0.250000 0.310000
                [,8]     [,9]    [,10]    [,11]    [,12]    [,13]    [,14]
curr.scale  1.834589 2.641808 1.528824 3.439854 1.174137 4.127824 1.127171
curr.accept 0.220000 0.200000 0.250000 0.270000 0.310000 0.200000 0.270000
               [,15]    [,16]    [,17]    [,18]    [,19]
curr.scale  1.327104 1.223059 1.408964 3.170169 3.170169
curr.accept 0.280000 0.270000 0.130000 0.200000 0.330000
- var.name: b
    scale bound reached #: lower = 0, upper = 0
    ill acceptance #: none = 0, all = 0
    acceptance NOT in range #: lower = 1, upper = 3, total = 4
- var.name: p
    scale bound reached #: lower = 0, upper = 0
    ill acceptance #: none = 0, all = 0
    acceptance NOT in range #: lower = 0, upper = 0, total = 0
- var.name: phi
    scale bound reached #: lower = 0, upper = 0
    ill acceptance #: none = 0, all = 0
    acceptance NOT in range #: lower = 364, upper = 355, total = 719
- b: rbind(curr.scale, curr.accept)
                 [,1]     [,2]     [,3]     [,4]     [,5]     [,6]     [,7]
curr.scale  0.9393093 3.439854 3.302259 2.641808 3.302259 1.174137 3.962711
curr.accept 0.3400000 0.310000 0.130000 0.400000 0.210000 0.250000 0.280000
                [,8]     [,9]    [,10]    [,11]    [,12]    [,13]    [,14]
curr.scale  1.834589 2.113446 1.528824 3.439854 1.408964 3.302259 1.127171
curr.accept 0.210000 0.310000 0.250000 0.330000 0.180000 0.210000 0.160000
               [,15]    [,16]    [,17]    [,18]    [,19]
curr.scale  1.327104 1.223059 1.127171 2.536135 3.804203
curr.accept 0.240000 0.290000 0.230000 0.330000 0.220000
- var.name: b
    scale bound reached #: lower = 0, upper = 0
    ill acceptance #: none = 0, all = 0
    acceptance NOT in range #: lower = 3, upper = 6, total = 9
- var.name: p
    scale bound reached #: lower = 0, upper = 0
    ill acceptance #: none = 0, all = 0
    acceptance NOT in range #: lower = 1, upper = 0, total = 1
- var.name: phi
    scale bound reached #: lower = 0, upper = 0
    ill acceptance #: none = 0, all = 0
    acceptance NOT in range #: lower = 296, upper = 400, total = 696
- b: rbind(curr.scale, curr.accept)
                [,1]     [,2]     [,3]     [,4]     [,5]     [,6]     [,7]
curr.scale  1.127171 4.127824 2.641808 3.170169 3.302259 1.174137 3.962711
curr.accept 0.410000 0.210000 0.300000 0.210000 0.300000 0.280000 0.190000
                [,8]     [,9]    [,10]    [,11]    [,12]    [,13]    [,14]
curr.scale  1.834589 2.536135 1.528824 4.127824 1.127171 3.302259 0.901737
curr.accept 0.200000 0.370000 0.090000 0.200000 0.350000 0.280000 0.300000
               [,15]    [,16]    [,17]    [,18]    [,19]
curr.scale  1.327104 1.223059 1.127171 3.043362 3.804203
curr.accept 0.290000 0.360000 0.260000 0.310000 0.210000
- var.name: b
    scale bound reached #: lower = 0, upper = 0
    ill acceptance #: none = 0, all = 0
    acceptance NOT in range #: lower = 2, upper = 5, total = 7
- var.name: p
    scale bound reached #: lower = 0, upper = 0
    ill acceptance #: none = 0, all = 0
    acceptance NOT in range #: lower = 0, upper = 1, total = 1
- var.name: phi
    scale bound reached #: lower = 0, upper = 0
    ill acceptance #: none = 0, all = 0
    acceptance NOT in range #: lower = 326, upper = 394, total = 720
- b: rbind(curr.scale, curr.accept)
                [,1]     [,2]     [,3]     [,4]     [,5]     [,6]     [,7]
curr.scale  1.352605 4.127824 3.170169 3.170169 3.962711 1.174137 3.170169
curr.accept 0.240000 0.210000 0.230000 0.180000 0.220000 0.290000 0.190000
                [,8]     [,9]    [,10]    [,11]    [,12]    [,13]    [,14]
curr.scale  1.467671 3.043362 1.223059 3.302259 1.352605 3.302259 1.082084
curr.accept 0.290000 0.190000 0.250000 0.280000 0.240000 0.330000 0.230000
               [,15]    [,16]    [,17]    [,18]    [,19]
curr.scale  1.327104 1.467671 1.127171 3.652035 3.804203
curr.accept 0.220000 0.210000 0.220000 0.280000 0.230000
- var.name: b
    scale bound reached #: lower = 0, upper = 0
    ill acceptance #: none = 0, all = 0
    acceptance NOT in range #: lower = 3, upper = 1, total = 4
- var.name: p
    scale bound reached #: lower = 0, upper = 0
    ill acceptance #: none = 0, all = 0
    acceptance NOT in range #: lower = 0, upper = 0, total = 0
- var.name: phi
    scale bound reached #: lower = 0, upper = 0
    ill acceptance #: none = 0, all = 0
    acceptance NOT in range #: lower = 368, upper = 381, total = 749
- b: rbind(curr.scale, curr.accept)
                [,1]     [,2]     [,3]     [,4]     [,5]     [,6]     [,7]
curr.scale  1.352605 4.127824 3.170169 2.536135 3.962711 1.174137 2.536135
curr.accept 0.210000 0.210000 0.190000 0.240000 0.260000 0.260000 0.250000
                [,8]    [,9]    [,10]    [,11]    [,12]    [,13]    [,14]
curr.scale  1.467671 2.43469 1.223059 3.302259 1.352605 3.962711 1.082084
curr.accept 0.340000 0.33000 0.340000 0.220000 0.280000 0.210000 0.250000
               [,15]    [,16]    [,17]    [,18]    [,19]
curr.scale  1.327104 1.467671 1.127171 3.652035 3.804203
curr.accept 0.370000 0.210000 0.270000 0.170000 0.170000
- var.name: b
    scale bound reached #: lower = 0, upper = 0
    ill acceptance #: none = 0, all = 0
    acceptance NOT in range #: lower = 3, upper = 4, total = 7
- var.name: p
    scale bound reached #: lower = 0, upper = 0
    ill acceptance #: none = 0, all = 0
    acceptance NOT in range #: lower = 0, upper = 1, total = 1
- var.name: phi
    scale bound reached #: lower = 0, upper = 0
    ill acceptance #: none = 0, all = 0
    acceptance NOT in range #: lower = 319, upper = 463, total = 782
- b: rbind(curr.scale, curr.accept)
                [,1]     [,2]     [,3]     [,4]     [,5]     [,6]     [,7]
curr.scale  1.352605 4.127824 2.536135 2.536135 3.962711 1.174137 2.536135
curr.accept 0.220000 0.130000 0.320000 0.370000 0.200000 0.370000 0.270000
                [,8]     [,9]    [,10]    [,11]    [,12]    [,13]    [,14]
curr.scale  1.761205 2.921628 1.467671 3.302259 1.352605 3.962711 1.082084
curr.accept 0.260000 0.280000 0.200000 0.360000 0.200000 0.220000 0.230000
               [,15]    [,16]    [,17]    [,18]    [,19]
curr.scale  1.592525 1.467671 1.127171 2.921628 3.043362
curr.accept 0.180000 0.210000 0.200000 0.300000 0.340000
- var.name: b
    scale bound reached #: lower = 0, upper = 0
    ill acceptance #: none = 0, all = 0
    acceptance NOT in range #: lower = 2, upper = 5, total = 7
- var.name: p
    scale bound reached #: lower = 0, upper = 0
    ill acceptance #: none = 0, all = 0
    acceptance NOT in range #: lower = 0, upper = 0, total = 0
- var.name: phi
    scale bound reached #: lower = 0, upper = 0
    ill acceptance #: none = 0, all = 0
    acceptance NOT in range #: lower = 320, upper = 392, total = 712
Timing stopped at: 3536.353 7.834 3544.246 



drwxrwxr-x 2 lbrown lbrown       4096 Sep  3 13:45 chain_1/
drwxrwxr-x 2 lbrown lbrown       4096 Aug 29 18:12 chain_2/
drwxrwxr-x 2 lbrown lbrown       4096 Aug 29 18:13 chain_3/
drwxrwxr-x 2 lbrown lbrown       4096 Aug 29 18:13 chain_4/
-rw-rw-r-- 1 lbrown lbrown 1017836585 Sep  4 15:10 sept3run.tar.gz
-rw-rw-r-- 1 lbrown lbrown      43302 Sep  3 14:13 trash.log
-rw-rw-r-- 1 lbrown lbrown      11392 Aug 29 14:32 without_xobs_multichain_lapply_4cores.log
-rw-rw-r-- 1 lbrown lbrown      29684 Sep  8 11:44 with_xobs_multichain_lapply_4cores.log
-rw-rw-r-- 1 lbrown lbrown       3144 Sep  3 09:49 xobs1.bmat
-rw-rw-r-- 1 lbrown lbrown     210178 Sep  3 09:50 xobs1.phi

